<?xml version="1.0" encoding="UTF-8"?>
<!-- Generated by org.testng.reporters.JUnitXMLReporter -->
<testsuite ignored="0" hostname="DESKTOP-MPCJN7K" failures="0" tests="4" name="CompanyApplicationTest" time="41.054" errors="0" timestamp="06 Jun 2021 00:47:01 GMT">
  <testcase classname="TestNGSessions.AmazonTest" name="titleTest" time="0.018"/>
  <testcase classname="TestNGSessions.OrangeHRMTest" name="searchTest" time="0.086"/>
  <testcase classname="TestNGSessions.AmazonTest" name="searchTest" time="7.627"/>
  <testcase classname="TestNGSessions.OrangeHRMTest" name="titleTest" time="0.011"/>
</testsuite> <!-- CompanyApplicationTest -->
